  [1m[35m (574.9ms)[0m  [1m[35mCREATE DATABASE "biddr-rails-api_development" ENCODING = 'unicode'[0m
  ↳ bin/rails:9
  [1m[35m (419.3ms)[0m  [1m[35mCREATE DATABASE "biddr-rails-api_test" ENCODING = 'unicode'[0m
  ↳ bin/rails:9
  [1m[35m (51.9ms)[0m  [1m[35mCREATE TABLE "schema_migrations" ("version" character varying NOT NULL PRIMARY KEY)[0m
  ↳ bin/rails:9
  [1m[35m (13.0ms)[0m  [1m[35mCREATE TABLE "ar_internal_metadata" ("key" character varying NOT NULL PRIMARY KEY, "value" character varying, "created_at" timestamp NOT NULL, "updated_at" timestamp NOT NULL)[0m
  ↳ bin/rails:9
  [1m[35m (1.2ms)[0m  [1m[34mSELECT pg_try_advisory_lock(3738212207736196995)[0m
  ↳ bin/rails:9
  [1m[35m (0.9ms)[0m  [1m[34mSELECT "schema_migrations"."version" FROM "schema_migrations" ORDER BY "schema_migrations"."version" ASC[0m
  ↳ bin/rails:9
Migrating to CreateAuctions (20181126173250)
  [1m[35m (0.1ms)[0m  [1m[35mBEGIN[0m
  ↳ bin/rails:9
  [1m[35m (12.5ms)[0m  [1m[35mCREATE TABLE "auctions" ("id" bigserial primary key, "title" character varying, "details" text, "end_date" date, "reserve_price" integer, "final_sale_price" integer, "created_at" timestamp NOT NULL, "updated_at" timestamp NOT NULL)[0m
  ↳ db/migrate/20181126173250_create_auctions.rb:3
  [1m[36mActiveRecord::SchemaMigration Create (7.3ms)[0m  [1m[32mINSERT INTO "schema_migrations" ("version") VALUES ($1) RETURNING "version"[0m  [["version", "20181126173250"]]
  ↳ bin/rails:9
  [1m[35m (1.1ms)[0m  [1m[35mCOMMIT[0m
  ↳ bin/rails:9
  [1m[36mActiveRecord::InternalMetadata Load (0.3ms)[0m  [1m[34mSELECT  "ar_internal_metadata".* FROM "ar_internal_metadata" WHERE "ar_internal_metadata"."key" = $1 LIMIT $2[0m  [["key", "environment"], ["LIMIT", 1]]
  ↳ bin/rails:9
  [1m[35m (0.1ms)[0m  [1m[35mBEGIN[0m
  ↳ bin/rails:9
  [1m[36mActiveRecord::InternalMetadata Create (1.0ms)[0m  [1m[32mINSERT INTO "ar_internal_metadata" ("key", "value", "created_at", "updated_at") VALUES ($1, $2, $3, $4) RETURNING "key"[0m  [["key", "environment"], ["value", "development"], ["created_at", "2018-11-26 17:34:22.651849"], ["updated_at", "2018-11-26 17:34:22.651849"]]
  ↳ bin/rails:9
  [1m[35m (0.4ms)[0m  [1m[35mCOMMIT[0m
  ↳ bin/rails:9
  [1m[35m (0.2ms)[0m  [1m[34mSELECT pg_advisory_unlock(3738212207736196995)[0m
  ↳ bin/rails:9
  [1m[35m (0.7ms)[0m  [1m[34mSELECT "schema_migrations"."version" FROM "schema_migrations" ORDER BY "schema_migrations"."version" ASC[0m
  ↳ bin/rails:9
Started GET "/api/v1/auctions" for 127.0.0.1 at 2018-11-26 09:42:21 -0800
  [1m[35m (0.5ms)[0m  [1m[34mSELECT "schema_migrations"."version" FROM "schema_migrations" ORDER BY "schema_migrations"."version" ASC[0m
  ↳ /Users/rosacodecore/.rvm/gems/ruby-2.5.1/gems/activerecord-5.2.1/lib/active_record/log_subscriber.rb:98
  
ActionController::RoutingError (No route matches [GET] "/api/v1/auctions"):
  
actionpack (5.2.1) lib/action_dispatch/middleware/debug_exceptions.rb:65:in `call'
actionpack (5.2.1) lib/action_dispatch/middleware/show_exceptions.rb:33:in `call'
railties (5.2.1) lib/rails/rack/logger.rb:38:in `call_app'
railties (5.2.1) lib/rails/rack/logger.rb:26:in `block in call'
activesupport (5.2.1) lib/active_support/tagged_logging.rb:71:in `block in tagged'
activesupport (5.2.1) lib/active_support/tagged_logging.rb:28:in `tagged'
activesupport (5.2.1) lib/active_support/tagged_logging.rb:71:in `tagged'
railties (5.2.1) lib/rails/rack/logger.rb:26:in `call'
actionpack (5.2.1) lib/action_dispatch/middleware/remote_ip.rb:81:in `call'
actionpack (5.2.1) lib/action_dispatch/middleware/request_id.rb:27:in `call'
rack (2.0.6) lib/rack/runtime.rb:22:in `call'
activesupport (5.2.1) lib/active_support/cache/strategy/local_cache_middleware.rb:29:in `call'
actionpack (5.2.1) lib/action_dispatch/middleware/executor.rb:14:in `call'
actionpack (5.2.1) lib/action_dispatch/middleware/static.rb:127:in `call'
rack (2.0.6) lib/rack/sendfile.rb:111:in `call'
railties (5.2.1) lib/rails/engine.rb:524:in `call'
puma (3.12.0) lib/puma/configuration.rb:225:in `call'
puma (3.12.0) lib/puma/server.rb:658:in `handle_request'
puma (3.12.0) lib/puma/server.rb:472:in `process_client'
puma (3.12.0) lib/puma/server.rb:332:in `block in run'
puma (3.12.0) lib/puma/thread_pool.rb:133:in `block in spawn_thread'
Started POST "/api/v1/auctions" for 127.0.0.1 at 2018-11-26 09:42:35 -0800
Processing by Api::V1::AuctionsController#create as JSON
  Parameters: {"post"=>{"title"=>"First post", "content"=>"Content of the first post"}}
Completed 400 Bad Request in 5ms (ActiveRecord: 0.0ms)


  
ActionController::ParameterMissing (param is missing or the value is empty: auction):
  
app/controllers/api/v1/auctions_controller.rb:10:in `auction_params'
app/controllers/api/v1/auctions_controller.rb:3:in `create'
Started POST "/api/v1/auctions" for 127.0.0.1 at 2018-11-26 09:44:52 -0800
Processing by Api::V1::AuctionsController#create as JSON
  Parameters: {"aucition"=>{"title"=>"Shiny thing"}, "auction"=>{"description"=>"Beautiful shiny object that you really really want", "end_date"=>"2018-04-04", "reserve_price"=>"12"}}
Unpermitted parameter: :description
  [1m[35m (0.5ms)[0m  [1m[35mBEGIN[0m
  ↳ app/controllers/api/v1/auctions_controller.rb:4
  [1m[36mAuction Create (2.3ms)[0m  [1m[32mINSERT INTO "auctions" ("end_date", "reserve_price", "created_at", "updated_at") VALUES ($1, $2, $3, $4) RETURNING "id"[0m  [["end_date", "2018-04-04"], ["reserve_price", 12], ["created_at", "2018-11-26 17:44:52.392722"], ["updated_at", "2018-11-26 17:44:52.392722"]]
  ↳ app/controllers/api/v1/auctions_controller.rb:4
  [1m[35m (4.7ms)[0m  [1m[35mCOMMIT[0m
  ↳ app/controllers/api/v1/auctions_controller.rb:4
Completed 200 OK in 50ms (Views: 1.8ms | ActiveRecord: 27.8ms)


Started POST "/api/v1/auctions" for 127.0.0.1 at 2018-11-26 09:45:16 -0800
Processing by Api::V1::AuctionsController#create as JSON
  Parameters: {"aucition"=>{"title"=>"Shiny thing"}, "auction"=>{"details"=>"Beautiful shiny object that you really really want", "end_date"=>"Septemer", "reserve_price"=>"12"}}
  [1m[35m (1.1ms)[0m  [1m[35mBEGIN[0m
  ↳ app/controllers/api/v1/auctions_controller.rb:4
  [1m[36mAuction Create (0.4ms)[0m  [1m[32mINSERT INTO "auctions" ("details", "reserve_price", "created_at", "updated_at") VALUES ($1, $2, $3, $4) RETURNING "id"[0m  [["details", "Beautiful shiny object that you really really want"], ["reserve_price", 12], ["created_at", "2018-11-26 17:45:16.985669"], ["updated_at", "2018-11-26 17:45:16.985669"]]
  ↳ app/controllers/api/v1/auctions_controller.rb:4
  [1m[35m (3.8ms)[0m  [1m[35mCOMMIT[0m
  ↳ app/controllers/api/v1/auctions_controller.rb:4
Completed 200 OK in 11ms (Views: 0.4ms | ActiveRecord: 5.3ms)


Started POST "/api/v1/auctions" for 127.0.0.1 at 2018-11-26 09:46:04 -0800
Processing by Api::V1::AuctionsController#create as JSON
  Parameters: {"auction"=>{"title"=>"Shiny thing", "details"=>"Beautiful shiny object that you really really want", "end_date"=>"01-01-01", "reserve_price"=>"12"}}
  [1m[35m (1.7ms)[0m  [1m[35mBEGIN[0m
  ↳ app/controllers/api/v1/auctions_controller.rb:4
  [1m[36mAuction Create (3.7ms)[0m  [1m[32mINSERT INTO "auctions" ("title", "details", "end_date", "reserve_price", "created_at", "updated_at") VALUES ($1, $2, $3, $4, $5, $6) RETURNING "id"[0m  [["title", "Shiny thing"], ["details", "Beautiful shiny object that you really really want"], ["end_date", "0001-01-01"], ["reserve_price", 12], ["created_at", "2018-11-26 17:46:04.063899"], ["updated_at", "2018-11-26 17:46:04.063899"]]
  ↳ app/controllers/api/v1/auctions_controller.rb:4
  [1m[35m (3.2ms)[0m  [1m[35mCOMMIT[0m
  ↳ app/controllers/api/v1/auctions_controller.rb:4
Completed 200 OK in 16ms (Views: 0.7ms | ActiveRecord: 8.6ms)


Started GET "/api/v1/auctions" for 127.0.0.1 at 2018-11-26 09:57:53 -0800
Processing by Api::V1::AuctionsController#index as JSON
  [1m[36mAuction Load (7.9ms)[0m  [1m[34mSELECT "auctions".* FROM "auctions"[0m
  ↳ app/controllers/api/v1/auctions_controller.rb:10
Completed 200 OK in 33ms (Views: 14.1ms | ActiveRecord: 16.4ms)


Started GET "/api/v1/auctions/3" for 127.0.0.1 at 2018-11-26 09:59:19 -0800
  
ActionController::RoutingError (No route matches [GET] "/api/v1/auctions/3"):
  
actionpack (5.2.1) lib/action_dispatch/middleware/debug_exceptions.rb:65:in `call'
actionpack (5.2.1) lib/action_dispatch/middleware/show_exceptions.rb:33:in `call'
railties (5.2.1) lib/rails/rack/logger.rb:38:in `call_app'
railties (5.2.1) lib/rails/rack/logger.rb:26:in `block in call'
activesupport (5.2.1) lib/active_support/tagged_logging.rb:71:in `block in tagged'
activesupport (5.2.1) lib/active_support/tagged_logging.rb:28:in `tagged'
activesupport (5.2.1) lib/active_support/tagged_logging.rb:71:in `tagged'
railties (5.2.1) lib/rails/rack/logger.rb:26:in `call'
actionpack (5.2.1) lib/action_dispatch/middleware/remote_ip.rb:81:in `call'
actionpack (5.2.1) lib/action_dispatch/middleware/request_id.rb:27:in `call'
rack (2.0.6) lib/rack/runtime.rb:22:in `call'
activesupport (5.2.1) lib/active_support/cache/strategy/local_cache_middleware.rb:29:in `call'
actionpack (5.2.1) lib/action_dispatch/middleware/executor.rb:14:in `call'
actionpack (5.2.1) lib/action_dispatch/middleware/static.rb:127:in `call'
rack (2.0.6) lib/rack/sendfile.rb:111:in `call'
railties (5.2.1) lib/rails/engine.rb:524:in `call'
puma (3.12.0) lib/puma/configuration.rb:225:in `call'
puma (3.12.0) lib/puma/server.rb:658:in `handle_request'
puma (3.12.0) lib/puma/server.rb:472:in `process_client'
puma (3.12.0) lib/puma/server.rb:332:in `block in run'
puma (3.12.0) lib/puma/thread_pool.rb:133:in `block in spawn_thread'
Started GET "/api/v1/auctions/3" for 127.0.0.1 at 2018-11-26 10:00:39 -0800
  
ActionController::RoutingError (No route matches [GET] "/api/v1/auctions/3"):
  
actionpack (5.2.1) lib/action_dispatch/middleware/debug_exceptions.rb:65:in `call'
actionpack (5.2.1) lib/action_dispatch/middleware/show_exceptions.rb:33:in `call'
railties (5.2.1) lib/rails/rack/logger.rb:38:in `call_app'
railties (5.2.1) lib/rails/rack/logger.rb:26:in `block in call'
activesupport (5.2.1) lib/active_support/tagged_logging.rb:71:in `block in tagged'
activesupport (5.2.1) lib/active_support/tagged_logging.rb:28:in `tagged'
activesupport (5.2.1) lib/active_support/tagged_logging.rb:71:in `tagged'
railties (5.2.1) lib/rails/rack/logger.rb:26:in `call'
actionpack (5.2.1) lib/action_dispatch/middleware/remote_ip.rb:81:in `call'
actionpack (5.2.1) lib/action_dispatch/middleware/request_id.rb:27:in `call'
rack (2.0.6) lib/rack/runtime.rb:22:in `call'
activesupport (5.2.1) lib/active_support/cache/strategy/local_cache_middleware.rb:29:in `call'
actionpack (5.2.1) lib/action_dispatch/middleware/executor.rb:14:in `call'
actionpack (5.2.1) lib/action_dispatch/middleware/static.rb:127:in `call'
rack (2.0.6) lib/rack/sendfile.rb:111:in `call'
railties (5.2.1) lib/rails/engine.rb:524:in `call'
puma (3.12.0) lib/puma/configuration.rb:225:in `call'
puma (3.12.0) lib/puma/server.rb:658:in `handle_request'
puma (3.12.0) lib/puma/server.rb:472:in `process_client'
puma (3.12.0) lib/puma/server.rb:332:in `block in run'
puma (3.12.0) lib/puma/thread_pool.rb:133:in `block in spawn_thread'
Started GET "/api/v1/auctions/3" for 127.0.0.1 at 2018-11-26 10:00:52 -0800
Processing by Api::V1::AuctionsController#show as JSON
  Parameters: {"id"=>"3"}
  [1m[36mAuction Load (0.4ms)[0m  [1m[34mSELECT  "auctions".* FROM "auctions" WHERE "auctions"."id" = $1 LIMIT $2[0m  [["id", 3], ["LIMIT", 1]]
  ↳ app/controllers/api/v1/auctions_controller.rb:14
Completed 200 OK in 26ms (Views: 0.5ms | ActiveRecord: 6.7ms)


Started GET "/api/v1/auctions/3" for 127.0.0.1 at 2018-11-26 10:00:59 -0800
Processing by Api::V1::AuctionsController#show as JSON
  Parameters: {"id"=>"3"}
Completed 500 Internal Server Error in 130ms (ActiveRecord: 0.0ms)


  
NameError (undefined local variable or method `auction' for #<Api::V1::AuctionsController:0x00007f9bfa964310>):
  
app/controllers/api/v1/auctions_controller.rb:15:in `show'
Started DELETE "/api/v1/auctions/1" for 127.0.0.1 at 2018-11-26 10:06:44 -0800
Processing by Api::V1::AuctionsController#destroy as JSON
  Parameters: {"id"=>"1"}
  [1m[36mAuction Load (0.4ms)[0m  [1m[34mSELECT  "auctions".* FROM "auctions" WHERE "auctions"."id" = $1 LIMIT $2[0m  [["id", 1], ["LIMIT", 1]]
  ↳ app/controllers/api/v1/auctions_controller.rb:19
  [1m[35m (0.1ms)[0m  [1m[35mBEGIN[0m
  ↳ app/controllers/api/v1/auctions_controller.rb:20
  [1m[36mAuction Destroy (2.0ms)[0m  [1m[31mDELETE FROM "auctions" WHERE "auctions"."id" = $1[0m  [["id", 1]]
  ↳ app/controllers/api/v1/auctions_controller.rb:20
  [1m[35m (6.5ms)[0m  [1m[35mCOMMIT[0m
  ↳ app/controllers/api/v1/auctions_controller.rb:20
Completed 200 OK in 36ms (Views: 0.6ms | ActiveRecord: 15.9ms)


Started GET "/api/v1/auctions" for 127.0.0.1 at 2018-11-26 10:06:50 -0800
Processing by Api::V1::AuctionsController#index as JSON
  [1m[36mAuction Load (0.8ms)[0m  [1m[34mSELECT "auctions".* FROM "auctions"[0m
  ↳ app/controllers/api/v1/auctions_controller.rb:10
Completed 200 OK in 4ms (Views: 2.7ms | ActiveRecord: 0.8ms)


